\BOOKMARK [-1][-]{section*.2}{Table of Contents}{}% 1
\BOOKMARK [-1][-]{section*.4}{List of figures}{}% 2
\BOOKMARK [-1][-]{part.1}{I Introduction}{}% 3
\BOOKMARK [-1][-]{part.2}{II First Steps}{}% 4
\BOOKMARK [0][-]{chapter.1}{Package Content}{part.2}% 5
\BOOKMARK [0][-]{chapter.2}{Install procedure}{part.2}% 6
\BOOKMARK [1][-]{section.2.1}{Requirement}{chapter.2}% 7
\BOOKMARK [1][-]{section.2.2}{Installation}{chapter.2}% 8
\BOOKMARK [0][-]{chapter.3}{CLASS Execution}{part.2}% 9
\BOOKMARK [0][-]{chapter.4}{News, forum, troubleshooting, doxygen ...}{part.2}% 10
\BOOKMARK [-1][-]{part.3}{III CLASS : General overview}{}% 11
\BOOKMARK [0][-]{chapter.5}{Generalities}{part.3}% 12
\BOOKMARK [1][-]{section.5.1}{Basic unit}{chapter.5}% 13
\BOOKMARK [1][-]{section.5.2}{CLASS working process principle}{chapter.5}% 14
\BOOKMARK [0][-]{chapter.6}{Facilities descriptions}{part.3}% 15
\BOOKMARK [1][-]{section.6.1}{CLASSFacility}{chapter.6}% 16
\BOOKMARK [1][-]{section.6.2}{Reactor}{chapter.6}% 17
\BOOKMARK [2][-]{subsection.6.2.1}{Generalities}{section.6.2}% 18
\BOOKMARK [2][-]{subsection.6.2.2}{Use}{section.6.2}% 19
\BOOKMARK [3][-]{subsubsection.6.2.2.1}{Fixed Fuel}{subsection.6.2.2}% 20
\BOOKMARK [3][-]{subsubsection.6.2.2.2}{Reprocessed Fuel}{subsection.6.2.2}% 21
\BOOKMARK [2][-]{subsection.6.2.3}{CLASSFuelPlan}{section.6.2}% 22
\BOOKMARK [1][-]{section.6.3}{CLASSBackEnd}{chapter.6}% 23
\BOOKMARK [2][-]{subsection.6.3.1}{Storage}{section.6.3}% 24
\BOOKMARK [2][-]{subsection.6.3.2}{Pool}{section.6.3}% 25
\BOOKMARK [2][-]{subsection.6.3.3}{SeparationPlant}{section.6.3}% 26
\BOOKMARK [1][-]{section.6.4}{Fabrication Plant}{chapter.6}% 27
\BOOKMARK [1][-]{section.6.5}{Pathway between Facilities}{chapter.6}% 28
\BOOKMARK [2][-]{subsection.6.5.1}{Reactor with fixed fuel and a Storage}{section.6.5}% 29
\BOOKMARK [2][-]{subsection.6.5.2}{Reactor with fixed fuel, a Pool and a Storage}{section.6.5}% 30
\BOOKMARK [2][-]{subsection.6.5.3}{Reactor with fixed fuel, two SeprationPlant, a Pool and four Storage}{section.6.5}% 31
\BOOKMARK [2][-]{subsection.6.5.4}{Reactor, a FabricationPlant, a Pool and a Storage}{section.6.5}% 32
\BOOKMARK [0][-]{chapter.7}{Other objects}{part.3}% 33
\BOOKMARK [1][-]{section.7.1}{ZAI}{chapter.7}% 34
\BOOKMARK [1][-]{section.7.2}{IsotopicVector}{chapter.7}% 35
\BOOKMARK [2][-]{subsection.7.2.1}{Generality}{section.7.2}% 36
\BOOKMARK [2][-]{subsection.7.2.2}{Print method}{section.7.2}% 37
\BOOKMARK [2][-]{subsection.7.2.3}{GetTotalMass}{section.7.2}% 38
\BOOKMARK [2][-]{subsection.7.2.4}{Multiplication between IsotopicVector}{section.7.2}% 39
\BOOKMARK [1][-]{section.7.3}{EvolutionData}{chapter.7}% 40
\BOOKMARK [2][-]{subsection.7.3.1}{EvolutionData ASCII format}{section.7.3}% 41
\BOOKMARK [2][-]{subsection.7.3.2}{DecayDataBank}{section.7.3}% 42
\BOOKMARK [1][-]{section.7.4}{Log management : CLASSLogger}{chapter.7}% 43
\BOOKMARK [0][-]{chapter.8}{Scenario}{part.3}% 44
\BOOKMARK [1][-]{section.8.1}{Fill the scenario}{chapter.8}% 45
\BOOKMARK [1][-]{section.8.2}{OutPut}{chapter.8}% 46
\BOOKMARK [2][-]{subsection.8.2.1}{General Output}{section.8.2}% 47
\BOOKMARK [2][-]{subsection.8.2.2}{Output names}{section.8.2}% 48
\BOOKMARK [2][-]{subsection.8.2.3}{Output Frequency}{section.8.2}% 49
\BOOKMARK [-1][-]{part.4}{IV Physics Models}{}% 50
\BOOKMARK [0][-]{chapter.9}{Description and implementation}{part.4}% 51
\BOOKMARK [0][-]{chapter.10}{Equivalence Model}{part.4}% 52
\BOOKMARK [1][-]{section.10.1}{Available Equivalence Models}{chapter.10}% 53
\BOOKMARK [2][-]{subsection.10.1.1}{PWR-MOX models :}{section.10.1}% 54
\BOOKMARK [3][-]{subsubsection.10.1.1.1}{Linear BU model : EQM\137LIN\137MOX }{subsection.10.1.1}% 55
\BOOKMARK [3][-]{subsubsection.10.1.1.2}{Quadratic Model : EQM\137QUAD\137MOX}{subsection.10.1.1}% 56
\BOOKMARK [3][-]{subsubsection.10.1.1.3}{Neural network model : EQM\137MLP\137MOX}{subsection.10.1.1}% 57
\BOOKMARK [2][-]{subsection.10.1.2}{PWR-UOX model :}{section.10.1}% 58
\BOOKMARK [3][-]{subsubsection.10.1.2.1}{Linear Model: EQM\137LIN\137UOX}{subsection.10.1.2}% 59
\BOOKMARK [2][-]{subsection.10.1.3}{FBR-Na-MOX model :}{section.10.1}% 60
\BOOKMARK [3][-]{subsubsection.10.1.3.1}{Baker \046 Ross Model: EQM\137BakerRoss\137FBR\137MOX}{subsection.10.1.3}% 61
\BOOKMARK [1][-]{section.10.2}{How to build an Equivalence Model}{chapter.10}% 62
\BOOKMARK [2][-]{subsection.10.2.1}{Compile your equivalence model with your CLASS executable :}{section.10.2}% 63
\BOOKMARK [2][-]{subsection.10.2.2}{Your equivalence model in the CLASS library :}{section.10.2}% 64
\BOOKMARK [0][-]{chapter.11}{XS Model}{part.4}% 65
\BOOKMARK [1][-]{section.11.1}{Available XS Models}{chapter.11}% 66
\BOOKMARK [2][-]{subsection.11.1.1}{Pre-calculated XS : XSM\137CLOSEST}{section.11.1}% 67
\BOOKMARK [2][-]{subsection.11.1.2}{XS predictor : XSM\137MLP}{section.11.1}% 68
\BOOKMARK [1][-]{section.11.2}{How to build an XS Model}{chapter.11}% 69
\BOOKMARK [2][-]{subsection.11.2.1}{Compile your cross section model with your CLASS executable :}{section.11.2}% 70
\BOOKMARK [2][-]{subsection.11.2.2}{Your cross section model in the CLASS library :}{section.11.2}% 71
\BOOKMARK [0][-]{chapter.12}{Irradiation Model}{part.4}% 72
\BOOKMARK [1][-]{section.12.1}{Available Irradiation Model}{chapter.12}% 73
\BOOKMARK [2][-]{subsection.12.1.1}{How to build an Irradiation Model}{section.12.1}% 74
\BOOKMARK [2][-]{subsection.12.1.2}{Compile your Irradiation model with your CLASS executable :}{section.12.1}% 75
\BOOKMARK [2][-]{subsection.12.1.3}{Your Irradiation model in the CLASS library :}{section.12.1}% 76
\BOOKMARK [-1][-]{part.5}{V CLASSGui : The results viewer}{}% 77
